Sim: 0 [EventEngine.EventDriver]  
	Simulation Start Time: Fri Nov 18 00:15:41 BRST 2011
	Parameter file: Misc\params.osp

	Legend:
	  Thread(X:Y/S) means: thread X of task Y, status=S
	  Task(X/S) means: task X, status=S
	  Page(X:Y/Z) means: page X of task Y in frame Z
	  Openfile(X:Y/Z) means: open file X of task Y on device Z
	  Port(X:Y/S) means: port X of task Y has status S
	Status code abbreviations:
	  RD(ThreadReady), RU(ThreadRunning),
	  Wn(ThreadWaiting, n=waitlevel), KL(ThreadKill)
	  L(TaskLive), T(TaskTerm), NN(NONE)
	  L(PortLive), D(PortDestroyed), NN(NONE)


Sim: 0 [IFLModules.ResourceCB]  
	Deadlock handling mode: Detection
Sim: 0 [IFLModules.TaskCB]  
	Entering create()
Mod: 0 [Tasks.TaskCB]  
	Task(1/NN) created
Sim: 0 [IFLModules.FileSys]  
	Creating file: create(/vm/1,65536)
Mod: 0 [FileSys.FileSys]  
	Creating file: create(/vm/1,65536)
Mod: 0 [FileSys.FileSys]  
	New file size 64 blocks
Mod: 0 [FileSys.FileSys]  
	Inode(Id(0),Device(0),BlockCount(64),OpenCount(0),LinkCount(1))
	  File `/vm/1', blocksize=64 created on device 0
Sim: 0 [IFLModules.FileSys]  
	System call create(`/vm/1')  succeeded, as expected
Sim: 0 [IFLModules.OpenFile]  
	System call open(`/vm/1')
Sim: 0 [Tasks.TaskCB]  
	Adding Openfile(0:1/0) to the open files table of Task(1/L)
Mod: 0 [FileSys.OpenFile]  
	File `/vm/1' opened 1 times
Sim: 0 [IFLModules.OpenFile]  
	File `/vm/1' opened as Openfile(0:1/0)
Sim: 0 [IFLModules.FileSys]  
	System call open(`/vm/1')  succeeded, as expected
Sim: 0 [IFLModules.ThreadCB]  
	Trying to create new thread for Task(1/L)
Mod: 0 [Threads.ThreadCB]  
	Created Thread(0:null/NN)
Mod: 0 [Threads.ThreadCB]  
	Successfully added Thread(0:1/RD) to Task(1/L)
Sim: 0 [IFLModules.ThreadCB]  
	Created new thread Thread(0:1/RD)
Sim: 0 [IFLModules.ThreadCB]  
	Entering dispatch(); current running thread is null
Mod: 0 [Threads.ThreadCB]  
	Dispatching Thread(0:1/RU)
Sim: 0 [IFLModules.ThreadCB]  
	Dispatching Thread(0:1/RU)
Sim: 0 [IFLModules.ThreadCB]  
	Leaving dispatch()
Sim: 11 [IFLModules.FileSys]  
	System call delete(`/etc/go/Oh,my/go')
Mod: 11 [FileSys.FileSys]  
	File `/etc/go/Oh,my/go' doesn't exist -- cannot delete
Sim: 11 [IFLModules.FileSys]  
	System call delete(`/etc/go/Oh,my/go')  failed, as expected
Sim: 18 [IFLModules.MMU]  
	Call: MMU.refer(Address(12617),MemoryWrite,Thread(0:1/RU))
	  [Page(12:1/null),null,ValidFlag(OSP)=false,ValidFlag(Student)=false,ValidatingThread=null]
Sim: 18 [IFLModules.PageFaultHandler]  
	Pagefault handler entered for: Page(12:1/null),MemoryWrite,Thread(0:1/RU)
Sim: 18 [Memory.PageTableEntry]  
	Setting validating thread for Page(12:1/null) to Thread(0:1/RU)
Sim: 18 [Memory.FrameTableEntry]  
	Task(1/L) is reserving free Frame(0)
Sim: 18 [Threads.ThreadCB]  
	Entering suspend(Thread(0:1/RU),SystemEvent(PageFault))
Mod: 18 [Threads.ThreadCB]  
	Entering suspend(Thread(0:1/RU),SystemEvent(PageFault))
Sim: 18 [Threads.ThreadCB]  
	Leaving suspend(Thread(0:1/W0),SystemEvent(PageFault))
Sim: 18 [FileSys.OpenFile]  
	System call read(Openfile(0:1/0),Block(12),Page(12:1/null),Thread(0:1/W0))
Sim: 18 [Threads.ThreadCB]  
	Entering suspend(Thread(0:1/W0),SystemEvent(FileRead))
Mod: 18 [Threads.ThreadCB]  
	Entering suspend(Thread(0:1/W0),SystemEvent(FileRead))
Sim: 18 [Threads.ThreadCB]  
	Leaving suspend(Thread(0:1/W1),SystemEvent(FileRead))
Mod: 18 [FileSys.OpenFile]  
	Creating IORB(Id(0),Device(0),Page(12:1/null),Diskblock(12),FileRead,Openfile(0:1/0),Thread(0:1/W1))
Sim: 18 [Hardware.Disk]  
	Enqueueing IORB(Id(0),Device(0),Page(12:1/null),Diskblock(12),FileRead,Openfile(0:1/0),Thread(0:1/W1))
Sim: 18 [Hardware.Disk]  
	Thread(0:1/W1) requests to enqueue IORB(Id(0),Device(0),Page(12:1/null),Diskblock(12),FileRead,Openfile(0:1/0),Thread(0:1/W1))
Mod: 18 [Hardware.Disk]  
	Entering do_enqueueIORB for IORB(Id(0),Device(0),Page(12:1/null),Diskblock(12),FileRead,Openfile(0:1/0),Thread(0:1/W1))
	Locking Page(12:1/null)
Sim: 18 [Memory.PageTableEntry]  
	Entering lock(Page(12:1/null),IORB(Id(0),Device(0),Page(12:1/null),Diskblock(12),FileRead,Openfile(0:1/0),Thread(0:1/W1)))
