Sim: 0 [EventEngine.EventDriver]  
	Simulation Start Time: Thu Sep 22 20:58:31 BRT 2011
	Parameter file: Misc\params.osp

	Legend:
	  Thread(X:Y/S) means: thread X of task Y, status=S
	  Task(X/S) means: task X, status=S
	  Page(X:Y/Z) means: page X of task Y in frame Z
	  Openfile(X:Y/Z) means: open file X of task Y on device Z
	  Port(X:Y/S) means: port X of task Y has status S
	Status code abbreviations:
	  RD(ThreadReady), RU(ThreadRunning),
	  Wn(ThreadWaiting, n=waitlevel), KL(ThreadKill)
	  L(TaskLive), T(TaskTerm), NN(NONE)
	  L(PortLive), D(PortDestroyed), NN(NONE)


Sim: 0 [IFLModules.ResourceCB]  
	Deadlock handling mode: Detection
Sim: 0 [IFLModules.TaskCB]  
	Entering create()
Sim: 0 [IFLModules.FileSys]  
	Creating file: create(/vm/1,2147483647)
Sim: 0 [IFLModules.FileSys]  
	Before do_create(`/vm/1'): No free space left on device 0 -- the call must fail
Mod: 0 [FileSys.FileSys]  
	Creating file: create(/vm/1,2147483647)
Mod: 0 [FileSys.FileSys]  
	New file size 2097152 blocks
Mod: 0 [FileSys.FileSys]  
	Not enough free blocks on device 0
Sim: 0 [IFLModules.FileSys]  
	System call create(`/vm/1')  failed, as expected
